0 info it worked if it ends with ok
1 verbose cli [ '/usr/local/bin/node',
1 verbose cli   '/usr/local/bin/npm',
1 verbose cli   'install',
1 verbose cli   '-g',
1 verbose cli   'nodemon' ]
2 info using npm@2.15.9
3 info using node@v4.5.0
4 verbose install initial load of /usr/local/lib/package.json
5 verbose readDependencies loading dependencies from /usr/local/lib/package.json
6 silly cache add args [ 'nodemon', null ]
7 verbose cache add spec nodemon
8 silly cache add parsed spec Result {
8 silly cache add   raw: 'nodemon',
8 silly cache add   scope: null,
8 silly cache add   name: 'nodemon',
8 silly cache add   rawSpec: '',
8 silly cache add   spec: 'latest',
8 silly cache add   type: 'tag' }
9 silly addNamed nodemon@latest
10 verbose addNamed "latest" is being treated as a dist-tag for nodemon
11 info addNameTag [ 'nodemon', 'latest' ]
12 silly mapToRegistry name nodemon
13 silly mapToRegistry using default registry
14 silly mapToRegistry registry https://registry.npmjs.org/
15 silly mapToRegistry data Result {
15 silly mapToRegistry   raw: 'nodemon',
15 silly mapToRegistry   scope: null,
15 silly mapToRegistry   name: 'nodemon',
15 silly mapToRegistry   rawSpec: '',
15 silly mapToRegistry   spec: 'latest',
15 silly mapToRegistry   type: 'tag' }
16 silly mapToRegistry uri https://registry.npmjs.org/nodemon
17 verbose addNameTag registry:https://registry.npmjs.org/nodemon not in flight; fetching
18 verbose request uri https://registry.npmjs.org/nodemon
19 verbose request no auth needed
20 info attempt registry request try #1 at 8:33:42 PM
21 verbose request id 2b3a78c1f9b4ac99
22 verbose etag W/"584584b7-30b86"
23 verbose lastModified Mon, 05 Dec 2016 15:16:07 GMT
24 http request GET https://registry.npmjs.org/nodemon
25 http 304 https://registry.npmjs.org/nodemon
26 verbose headers { date: 'Tue, 06 Dec 2016 01:33:42 GMT',
26 verbose headers   via: '1.1 varnish',
26 verbose headers   'cache-control': 'max-age=300',
26 verbose headers   etag: 'W/"584584b7-30b86"',
26 verbose headers   age: '200',
26 verbose headers   connection: 'keep-alive',
26 verbose headers   'x-served-by': 'cache-iad2648-IAD',
26 verbose headers   'x-cache': 'HIT',
26 verbose headers   'x-cache-hits': '1',
26 verbose headers   'x-timer': 'S1480988022.644350,VS0,VE0',
26 verbose headers   vary: 'Accept-Encoding' }
27 silly get cb [ 304,
27 silly get   { date: 'Tue, 06 Dec 2016 01:33:42 GMT',
27 silly get     via: '1.1 varnish',
27 silly get     'cache-control': 'max-age=300',
27 silly get     etag: 'W/"584584b7-30b86"',
27 silly get     age: '200',
27 silly get     connection: 'keep-alive',
27 silly get     'x-served-by': 'cache-iad2648-IAD',
27 silly get     'x-cache': 'HIT',
27 silly get     'x-cache-hits': '1',
27 silly get     'x-timer': 'S1480988022.644350,VS0,VE0',
27 silly get     vary: 'Accept-Encoding' } ]
28 verbose etag https://registry.npmjs.org/nodemon from cache
29 verbose get saving nodemon to /Users/aaron/.npm/registry.npmjs.org/nodemon/.cache.json
30 verbose correctMkdir /Users/aaron/.npm correctMkdir not in flight; initializing
31 silly addNameTag next cb for nodemon with tag latest
32 silly addNamed nodemon@1.11.0
33 verbose addNamed "1.11.0" is a plain semver version for nodemon
34 silly cache afterAdd nodemon@1.11.0
35 verbose afterAdd /Users/aaron/.npm/nodemon/1.11.0/package/package.json not in flight; writing
36 verbose correctMkdir /Users/aaron/.npm correctMkdir not in flight; initializing
37 verbose afterAdd /Users/aaron/.npm/nodemon/1.11.0/package/package.json written
38 silly install resolved [ { name: 'nodemon',
38 silly install resolved     homepage: 'http://nodemon.io',
38 silly install resolved     author: { name: 'Remy Sharp', url: 'http://github.com/remy' },
38 silly install resolved     bin: { nodemon: './bin/nodemon.js' },
38 silly install resolved     engines: { node: '>=0.8' },
38 silly install resolved     repository: { type: 'git', url: 'git+https://github.com/remy/nodemon.git' },
38 silly install resolved     description: 'Simple monitor script for use during development of a node.js app.',
38 silly install resolved     keywords:
38 silly install resolved      [ 'monitor',
38 silly install resolved        'development',
38 silly install resolved        'restart',
38 silly install resolved        'autoload',
38 silly install resolved        'reload',
38 silly install resolved        'terminal' ],
38 silly install resolved     license: 'MIT',
38 silly install resolved     main: './lib/nodemon',
38 silly install resolved     scripts:
38 silly install resolved      { coverage: 'istanbul cover _mocha -- --timeout 30000 --ui bdd --reporter list test/**/*.test.js',
38 silly install resolved        lint: 'jscs lib/**/*.js -v',
38 silly install resolved        ':spec': 'mocha --timeout 30000 --ui bdd test/**/*.test.js',
38 silly install resolved        test: 'npm run lint && npm run spec',
38 silly install resolved        spec: 'for FILE in test/**/*.test.js; do echo $FILE; ./node_modules/.bin/mocha --timeout 30000 $FILE; if [ $? -ne 0 ]; then exit 1; fi; sleep 1; done',
38 silly install resolved        web: 'node web',
38 silly install resolved        'semantic-release': 'semantic-release pre && npm publish && semantic-release post' },
38 silly install resolved     devDependencies:
38 silly install resolved      { async: '1.4.2',
38 silly install resolved        'coffee-script': '~1.7.1',
38 silly install resolved        connect: '~2.19.1',
38 silly install resolved        istanbul: '~0.2.10',
38 silly install resolved        jscs: '2.1.1',
38 silly install resolved        mocha: '2.3.3',
38 silly install resolved        should: '~4.0.0',
38 silly install resolved        'semantic-release': '4.3.5' },
38 silly install resolved     dependencies:
38 silly install resolved      { chokidar: '^1.4.3',
38 silly install resolved        debug: '^2.2.0',
38 silly install resolved        'es6-promise': '^3.0.2',
38 silly install resolved        'ignore-by-default': '^1.0.0',
38 silly install resolved        'lodash.defaults': '^3.1.2',
38 silly install resolved        minimatch: '^3.0.0',
38 silly install resolved        'ps-tree': '^1.0.1',
38 silly install resolved        touch: '1.0.0',
38 silly install resolved        undefsafe: '0.0.3',
38 silly install resolved        'update-notifier': '0.5.0' },
38 silly install resolved     version: '1.11.0',
38 silly install resolved     gitHead: '2cd85b1f609e9749d19afcdbd71368e6ab063f9d',
38 silly install resolved     bugs: { url: 'https://github.com/remy/nodemon/issues' },
38 silly install resolved     _id: 'nodemon@1.11.0',
38 silly install resolved     _shasum: '226c562bd2a7b13d3d7518b49ad4828a3623d06c',
38 silly install resolved     _from: 'nodemon@latest',
38 silly install resolved     _npmVersion: '2.15.11',
38 silly install resolved     _nodeVersion: '6.7.0',
38 silly install resolved     _npmUser: { name: 'remy', email: 'remy@leftlogic.com' },
38 silly install resolved     dist:
38 silly install resolved      { shasum: '226c562bd2a7b13d3d7518b49ad4828a3623d06c',
38 silly install resolved        tarball: 'https://registry.npmjs.org/nodemon/-/nodemon-1.11.0.tgz' },
38 silly install resolved     maintainers: [ [Object] ],
38 silly install resolved     _npmOperationalInternal:
38 silly install resolved      { host: 'packages-12-west.internal.npmjs.com',
38 silly install resolved        tmp: 'tmp/nodemon-1.11.0.tgz_1475780171533_0.901109219994396' },
38 silly install resolved     directories: {},
38 silly install resolved     _resolved: 'https://registry.npmjs.org/nodemon/-/nodemon-1.11.0.tgz',
38 silly install resolved     readme: 'ERROR: No README data found!' } ]
39 info install nodemon@1.11.0 into /usr/local/lib
40 info installOne nodemon@1.11.0
41 verbose installOne of nodemon to /usr/local/lib not in flight; installing
42 verbose correctMkdir /Users/aaron/.npm/_locks correctMkdir not in flight; initializing
43 verbose lock using /Users/aaron/.npm/_locks/nodemon-49f7ed19e778991e.lock for /usr/local/lib/node_modules/nodemon
44 silly install write writing nodemon 1.11.0 to /usr/local/lib/node_modules/nodemon
45 verbose unbuild lib/node_modules/nodemon
46 silly gentlyRm /usr/local/lib/node_modules/nodemon is being purged from base /usr/local
47 verbose gentlyRm don't care about contents; nuking /usr/local/lib/node_modules/nodemon
48 verbose tar unpack /Users/aaron/.npm/nodemon/1.11.0/package.tgz
49 verbose tar unpacking to /usr/local/lib/node_modules/nodemon
50 silly gentlyRm /usr/local/lib/node_modules/nodemon is being purged
51 verbose gentlyRm don't care about contents; nuking /usr/local/lib/node_modules/nodemon
52 silly gunzTarPerm modes [ '755', '644' ]
53 error tar.unpack untar error /Users/aaron/.npm/nodemon/1.11.0/package.tgz
54 verbose unlock done using /Users/aaron/.npm/_locks/nodemon-49f7ed19e778991e.lock for /usr/local/lib/node_modules/nodemon
55 verbose fstream_path /usr/local/lib/node_modules/nodemon
56 verbose fstream_type Directory
57 verbose fstream_class DirWriter
58 verbose stack Error: EACCES: permission denied, mkdir '/usr/local/lib/node_modules/nodemon'
58 verbose stack     at Error (native)
59 verbose fstream_stack /usr/local/lib/node_modules/npm/node_modules/fstream/lib/dir-writer.js:35:25
59 verbose fstream_stack /usr/local/lib/node_modules/npm/node_modules/mkdirp/index.js:47:53
59 verbose fstream_stack FSReqWrap.oncomplete (fs.js:82:15)
60 verbose cwd /Users/aaron/GDEV/coinwatch
61 error Darwin 15.5.0
62 error argv "/usr/local/bin/node" "/usr/local/bin/npm" "install" "-g" "nodemon"
63 error node v4.5.0
64 error npm  v2.15.9
65 error path /usr/local/lib/node_modules/nodemon
66 error code EACCES
67 error errno -13
68 error syscall mkdir
69 error Error: EACCES: permission denied, mkdir '/usr/local/lib/node_modules/nodemon'
69 error     at Error (native)
69 error  { [Error: EACCES: permission denied, mkdir '/usr/local/lib/node_modules/nodemon']
69 error   errno: -13,
69 error   code: 'EACCES',
69 error   syscall: 'mkdir',
69 error   path: '/usr/local/lib/node_modules/nodemon',
69 error   fstream_type: 'Directory',
69 error   fstream_path: '/usr/local/lib/node_modules/nodemon',
69 error   fstream_class: 'DirWriter',
69 error   fstream_stack:
69 error    [ '/usr/local/lib/node_modules/npm/node_modules/fstream/lib/dir-writer.js:35:25',
69 error      '/usr/local/lib/node_modules/npm/node_modules/mkdirp/index.js:47:53',
69 error      'FSReqWrap.oncomplete (fs.js:82:15)' ] }
70 error Please try running this command again as root/Administrator.
71 verbose exit [ -13, true ]
72 verbose unbuild lib/node_modules/nodemon
73 silly gentlyRm /usr/local/lib/node_modules/nodemon is being purged from base /usr/local
74 verbose gentlyRm don't care about contents; nuking /usr/local/lib/node_modules/nodemon
